2022-11-30 17:47:12,741 INFO:main.py:240:print_splash_screen:PDB2PQR v3.5.2: biomolecular structure conversion software.
2022-11-30 17:47:12,741 INFO:main.py:242:print_splash_screen:Please cite:  Jurrus E, et al.  Improvements to the APBS biomolecular solvation software suite.  Protein Sci 27 112-128 (2018).
2022-11-30 17:47:12,741 INFO:main.py:242:print_splash_screen:Please cite:  Dolinsky TJ, et al.  PDB2PQR: expanding and upgrading automated preparation of biomolecular structures for molecular simulations. Nucleic Acids Res 35 W522-W525 (2007).
2022-11-30 17:47:12,741 INFO:main.py:752:main_driver:Checking and transforming input arguments.
2022-11-30 17:47:12,742 INFO:main.py:756:main_driver:Loading topology files.
2022-11-30 17:47:12,801 INFO:main.py:758:main_driver:Loading molecule: aa20.pdb
2022-11-30 17:47:12,803 INFO:main.py:763:main_driver:Setting up molecule.
2022-11-30 17:47:12,805 INFO:main.py:408:setup_molecule:Created biomolecule object with 20 residues and 330 atoms.
2022-11-30 17:47:12,805 INFO:main.py:767:main_driver:Setting termini states for biomolecule chains.
2022-11-30 17:47:12,806 INFO:main.py:603:non_trivial:Loading forcefield.
2022-11-30 17:47:12,815 INFO:main.py:607:non_trivial:Loading hydrogen topology definitions.
2022-11-30 17:47:12,816 INFO:main.py:459:is_repairable:This biomolecule is clean.  No repair needed.
2022-11-30 17:47:12,816 INFO:main.py:622:non_trivial:Updating disulfide bridges.
2022-11-30 17:47:12,816 INFO:main.py:625:non_trivial:Debumping biomolecule.
2022-11-30 17:47:12,822 CRITICAL:main.py:793:main_driver:Unable to debump biomolecule. Biomolecular structure is incomplete:  Found gap in biomolecule structure for atom ATOM     49  HD2 ASP     3       8.175  -2.030  10.209  0.0000 0.0000
2022-11-30 17:47:12,822 CRITICAL:main.py:794:main_driver:Giving up.
2022-11-30 17:49:55,581 INFO:main.py:240:print_splash_screen:PDB2PQR v3.5.2: biomolecular structure conversion software.
2022-11-30 17:49:55,582 INFO:main.py:242:print_splash_screen:Please cite:  Jurrus E, et al.  Improvements to the APBS biomolecular solvation software suite.  Protein Sci 27 112-128 (2018).
2022-11-30 17:49:55,582 INFO:main.py:242:print_splash_screen:Please cite:  Dolinsky TJ, et al.  PDB2PQR: expanding and upgrading automated preparation of biomolecular structures for molecular simulations. Nucleic Acids Res 35 W522-W525 (2007).
2022-11-30 17:49:55,582 INFO:main.py:752:main_driver:Checking and transforming input arguments.
2022-11-30 17:49:55,583 INFO:main.py:756:main_driver:Loading topology files.
2022-11-30 17:49:55,644 INFO:main.py:758:main_driver:Loading molecule: aa20_noH.pdb
2022-11-30 17:49:55,646 INFO:main.py:763:main_driver:Setting up molecule.
2022-11-30 17:49:55,648 INFO:main.py:408:setup_molecule:Created biomolecule object with 20 residues and 168 atoms.
2022-11-30 17:49:55,648 INFO:main.py:767:main_driver:Setting termini states for biomolecule chains.
2022-11-30 17:49:55,649 INFO:main.py:603:non_trivial:Loading forcefield.
2022-11-30 17:49:55,655 INFO:main.py:607:non_trivial:Loading hydrogen topology definitions.
2022-11-30 17:49:55,657 INFO:main.py:459:is_repairable:This biomolecule is clean.  No repair needed.
2022-11-30 17:49:55,657 INFO:main.py:622:non_trivial:Updating disulfide bridges.
2022-11-30 17:49:55,657 INFO:main.py:625:non_trivial:Debumping biomolecule.
2022-11-30 17:49:55,663 INFO:main.py:642:non_trivial:Adding hydrogens to biomolecule.
2022-11-30 17:49:55,685 INFO:main.py:645:non_trivial:Debumping biomolecule (again).
2022-11-30 17:49:55,721 INFO:main.py:647:non_trivial:Optimizing hydrogen bonds
2022-11-30 17:49:55,752 INFO:main.py:659:non_trivial:Applying force field to biomolecule states.
2022-11-30 17:49:55,752 INFO:main.py:706:non_trivial:Regenerating headers.
2022-11-30 17:49:55,752 INFO:main.py:731:non_trivial:Regenerating PDB lines.
2022-11-30 17:49:55,754 WARNING:main.py:311:print_pqr:Ignoring 390 header lines in output.
2022-11-30 17:50:23,222 INFO:main.py:240:print_splash_screen:PDB2PQR v3.5.2: biomolecular structure conversion software.
2022-11-30 17:50:23,223 INFO:main.py:242:print_splash_screen:Please cite:  Jurrus E, et al.  Improvements to the APBS biomolecular solvation software suite.  Protein Sci 27 112-128 (2018).
2022-11-30 17:50:23,223 INFO:main.py:242:print_splash_screen:Please cite:  Dolinsky TJ, et al.  PDB2PQR: expanding and upgrading automated preparation of biomolecular structures for molecular simulations. Nucleic Acids Res 35 W522-W525 (2007).
2022-11-30 17:50:23,223 INFO:main.py:752:main_driver:Checking and transforming input arguments.
2022-11-30 17:50:23,223 INFO:main.py:756:main_driver:Loading topology files.
2022-11-30 17:50:23,283 INFO:main.py:758:main_driver:Loading molecule: aa20_noH.pdb
2022-11-30 17:50:23,284 INFO:main.py:763:main_driver:Setting up molecule.
2022-11-30 17:50:23,285 INFO:main.py:408:setup_molecule:Created biomolecule object with 20 residues and 168 atoms.
2022-11-30 17:50:23,285 INFO:main.py:767:main_driver:Setting termini states for biomolecule chains.
2022-11-30 17:50:23,286 INFO:main.py:603:non_trivial:Loading forcefield.
2022-11-30 17:50:23,293 INFO:main.py:607:non_trivial:Loading hydrogen topology definitions.
2022-11-30 17:50:23,294 INFO:main.py:459:is_repairable:This biomolecule is clean.  No repair needed.
2022-11-30 17:50:23,294 INFO:main.py:622:non_trivial:Updating disulfide bridges.
2022-11-30 17:50:23,294 INFO:main.py:625:non_trivial:Debumping biomolecule.
2022-11-30 17:50:23,300 INFO:main.py:642:non_trivial:Adding hydrogens to biomolecule.
2022-11-30 17:50:23,321 INFO:main.py:645:non_trivial:Debumping biomolecule (again).
2022-11-30 17:50:23,357 INFO:main.py:647:non_trivial:Optimizing hydrogen bonds
2022-11-30 17:50:23,387 INFO:main.py:659:non_trivial:Applying force field to biomolecule states.
2022-11-30 17:50:23,387 INFO:main.py:706:non_trivial:Regenerating headers.
2022-11-30 17:50:23,387 INFO:main.py:731:non_trivial:Regenerating PDB lines.
2022-11-30 17:50:23,389 WARNING:main.py:311:print_pqr:Ignoring 390 header lines in output.
